1568049697018	mozrunner::runner	INFO	Running command: "C:\\Program Files (x86)\\Mozilla Firefox\\firefox.exe" "-marionette" "-foreground" "-no-remote" "-profile" "C:\\Users\\328F~1\\AppData\\Local\\Temp\\rust_mozprofile.Y7BKrsfsUB2t"
1568049697507	addons.webextension.screenshots@mozilla.org	WARN	Loading extension 'screenshots@mozilla.org': Reading manifest: Invalid extension permission: mozillaAddons
1568049697507	addons.webextension.screenshots@mozilla.org	WARN	Loading extension 'screenshots@mozilla.org': Reading manifest: Invalid extension permission: telemetry
1568049697507	addons.webextension.screenshots@mozilla.org	WARN	Loading extension 'screenshots@mozilla.org': Reading manifest: Invalid extension permission: resource://pdf.js/
1568049697508	addons.webextension.screenshots@mozilla.org	WARN	Loading extension 'screenshots@mozilla.org': Reading manifest: Invalid extension permission: about:reader*
WARN: compileToBinary(259): 
C:\fakepath(334,18-133): warning X3571: pow(f, e) will not work for negative f, use abs(f) or conditionally handle negative values if you expect them
C:\fakepath(340,62-116): warning X3571: pow(f, e) will not work for negative f, use abs(f) or conditionally handle negative values if you expect them
C:\fakepath(363,75-84): warning X3556: integer divides may be much slower, try using uints if possible.
C:\fakepath(366,50-59): warning X3556: integer modulus may be much slower, try using uints if possible.
C:\fakepath(382,33-90): warning X3571: pow(f, e) will not work for negative f, use abs(f) or conditionally handle negative values if you expect them
C:\fakepath(172,1-6): warning X4000: use of potentially uninitialized variable (dyn_index_vec4_float4)
C:\fakepath(287,25-29): error X4576: Input array signature parameter SV_Position cannot be indexed dynamically.

WARN: compileToBinary(259): 
C:\fakepath(334,18-133): warning X3571: pow(f, e) will not work for negative f, use abs(f) or conditionally handle negative values if you expect them
C:\fakepath(340,62-116): warning X3571: pow(f, e) will not work for negative f, use abs(f) or conditionally handle negative values if you expect them
C:\fakepath(363,75-84): warning X3556: integer divides may be much slower, try using uints if possible.
C:\fakepath(366,50-59): warning X3556: integer modulus may be much slower, try using uints if possible.
C:\fakepath(382,33-90): warning X3571: pow(f, e) will not work for negative f, use abs(f) or conditionally handle negative values if you expect them
C:\fakepath(172,1-6): warning X4000: use of potentially uninitialized variable (dyn_index_vec4_float4)
C:\fakepath(287,25-29): error X4576: Input array signature parameter SV_Position cannot be indexed dynamically.

WARN: compileToBinary(259): 
C:\fakepath(363,75-84): warning X3556: integer divides may be much slower, try using uints if possible.
C:\fakepath(366,50-59): warning X3556: integer modulus may be much slower, try using uints if possible.
C:\fakepath(172,1-6): warning X4000: use of potentially uninitialized variable (dyn_index_vec4_float4)
C:\fakepath(223,1): warning X4000: use of potentially uninitialized variable (f_distance_aa)
C:\fakepath(260,1): warning X4000: use of potentially uninitialized variable (f_do_clip)

1568049700578	Marionette	INFO	Listening on port 59601
1568049700890	Marionette	WARN	TLS certificate errors will be ignored for this session
1568049704071	mozrunner::runner	INFO	Running command: "C:\\Program Files (x86)\\Mozilla Firefox\\firefox.exe" "-marionette" "-foreground" "-no-remote" "-profile" "C:\\Users\\328F~1\\AppData\\Local\\Temp\\rust_mozprofile.Sgq4sEBFEcpo"
1568049704468	addons.webextension.screenshots@mozilla.org	WARN	Loading extension 'screenshots@mozilla.org': Reading manifest: Invalid extension permission: mozillaAddons
1568049704468	addons.webextension.screenshots@mozilla.org	WARN	Loading extension 'screenshots@mozilla.org': Reading manifest: Invalid extension permission: telemetry
1568049704468	addons.webextension.screenshots@mozilla.org	WARN	Loading extension 'screenshots@mozilla.org': Reading manifest: Invalid extension permission: resource://pdf.js/
1568049704469	addons.webextension.screenshots@mozilla.org	WARN	Loading extension 'screenshots@mozilla.org': Reading manifest: Invalid extension permission: about:reader*
WARN: compileToBinary(259): 
C:\fakepath(334,18-133): warning X3571: pow(f, e) will not work for negative f, use abs(f) or conditionally handle negative values if you expect them
C:\fakepath(340,62-116): warning X3571: pow(f, e) will not work for negative f, use abs(f) or conditionally handle negative values if you expect them
C:\fakepath(363,75-84): warning X3556: integer divides may be much slower, try using uints if possible.
C:\fakepath(366,50-59): warning X3556: integer modulus may be much slower, try using uints if possible.
C:\fakepath(382,33-90): warning X3571: pow(f, e) will not work for negative f, use abs(f) or conditionally handle negative values if you expect them
C:\fakepath(172,1-6): warning X4000: use of potentially uninitialized variable (dyn_index_vec4_float4)
C:\fakepath(287,25-29): error X4576: Input array signature parameter SV_Position cannot be indexed dynamically.

WARN: compileToBinary(259): 
C:\fakepath(334,18-133): warning X3571: pow(f, e) will not work for negative f, use abs(f) or conditionally handle negative values if you expect them
C:\fakepath(340,62-116): warning X3571: pow(f, e) will not work for negative f, use abs(f) or conditionally handle negative values if you expect them
C:\fakepath(363,75-84): warning X3556: integer divides may be much slower, try using uints if possible.
C:\fakepath(366,50-59): warning X3556: integer modulus may be much slower, try using uints if possible.
C:\fakepath(382,33-90): warning X3571: pow(f, e) will not work for negative f, use abs(f) or conditionally handle negative values if you expect them
C:\fakepath(172,1-6): warning X4000: use of potentially uninitialized variable (dyn_index_vec4_float4)
C:\fakepath(287,25-29): error X4576: Input array signature parameter SV_Position cannot be indexed dynamically.

WARN: compileToBinary(259): 
C:\fakepath(363,75-84): warning X3556: integer divides may be much slower, try using uints if possible.
C:\fakepath(366,50-59): warning X3556: integer modulus may be much slower, try using uints if possible.
C:\fakepath(172,1-6): warning X4000: use of potentially uninitialized variable (dyn_index_vec4_float4)
C:\fakepath(223,1): warning X4000: use of potentially uninitialized variable (f_distance_aa)
C:\fakepath(260,1): warning X4000: use of potentially uninitialized variable (f_do_clip)

[Child 1375792, Chrome_ChildThread] WARNING: pipe error: 109: file z:/task_1565704921/build/src/ipc/chromium/src/chrome/common/ipc_channel_win.cc, line 341
[Child 1375792, Chrome_ChildThread] WARNING: pipe error: 109: file z:/task_1565704921/build/src/ipc/chromium1568049706926	Marionette	INFO	Listening on port 59642
1568049707326	Marionette	WARN	TLS certificate errors will be ignored for this session
1568050139290	mozrunner::runner	INFO	Running command: "C:\\Program Files (x86)\\Mozilla Firefox\\firefox.exe" "-marionette" "-foreground" "-no-remote" "-profile" "C:\\Users\\328F~1\\AppData\\Local\\Temp\\rust_mozprofile.SIaNRSTOEq8v"
1568050139677	addons.webextension.screenshots@mozilla.org	WARN	Loading extension 'screenshots@mozilla.org': Reading manifest: Invalid extension permission: mozillaAddons
1568050139678	addons.webextension.screenshots@mozilla.org	WARN	Loading extension 'screenshots@mozilla.org': Reading manifest: Invalid extension permission: telemetry
1568050139678	addons.webextension.screenshots@mozilla.org	WARN	Loading extension 'screenshots@mozilla.org': Reading manifest: Invalid extension permission: resource://pdf.js/
1568050139678	addons.webextension.screenshots@mozilla.org	WARN	Loading extension 'screenshots@mozilla.org': Reading manifest: Invalid extension permission: about:reader*
WARN: compileToBinary(259): 
C:\fakepath(334,18-133): warning X3571: pow(f, e) will not work for negative f, use abs(f) or conditionally handle negative values if you expect them
C:\fakepath(340,62-116): warning X3571: pow(f, e) will not work for negative f, use abs(f) or conditionally handle negative values if you expect them
C:\fakepath(363,75-84): warning X3556: integer divides may be much slower, try using uints if possible.
C:\fakepath(366,50-59): warning X3556: integer modulus may be much slower, try using uints if possible.
C:\fakepath(382,33-90): warning X3571: pow(f, e) will not work for negative f, use abs(f) or conditionally handle negative values if you expect them
C:\fakepath(172,1-6): warning X4000: use of potentially uninitialized variable (dyn_index_vec4_float4)
C:\fakepath(287,25-29): error X4576: Input array signature parameter SV_Position cannot be indexed dynamically.

WARN: compileToBinary(259): 
C:\fakepath(334,18-133): warning X3571: pow(f, e) will not work for negative f, use abs(f) or conditionally handle negative values if you expect them
C:\fakepath(340,62-116): warning X3571: pow(f, e) will not work for negative f, use abs(f) or conditionally handle negative values if you expect them
C:\fakepath(363,75-84): warning X3556: integer divides may be much slower, try using uints if possible.
C:\fakepath(366,50-59): warning X3556: integer modulus may be much slower, try using uints if possible.
C:\fakepath(382,33-90): warning X3571: pow(f, e) will not work for negative f, use abs(f) or conditionally handle negative values if you expect them
C:\fakepath(172,1-6): warning X4000: use of potentially uninitialized variable (dyn_index_vec4_float4)
C:\fakepath(287,25-29): error X4576: Input array signature parameter SV_Position cannot be indexed dynamically.

WARN: compileToBinary(259): 
C:\fakepath(363,75-84): warning X3556: integer divides may be much slower, try using uints if possible.
C:\fakepath(366,50-59): warning X3556: integer modulus may be much slower, try using uints if possible.
C:\fakepath(172,1-6): warning X4000: use of potentially uninitialized variable (dyn_index_vec4_float4)
C:\fakepath(223,1): warning X4000: use of potentially uninitialized variable (f_distance_aa)
C:\fakepath(260,1): warning X4000: use of potentially uninitialized variable (f_do_clip)

[Child 1382424, Chrome_ChildThread] WARNING: pipe error: 109: file z:/task_1565704921/build/src/ipc/chromium/src/chrome/common/ipc_channel_win.cc, line 341
[Child 1382424, Chr1568050142291	Marionette	INFO	Listening on port 60255
1568050142527	Marionette	WARN	TLS certificate errors will be ignored for this session
1568050145833	mozrunner::runner	INFO	Running command: "C:\\Program Files (x86)\\Mozilla Firefox\\firefox.exe" "-marionette" "-foreground" "-no-remote" "-profile" "C:\\Users\\328F~1\\AppData\\Local\\Temp\\rust_mozprofile.07IyMPhPILw5"
1568050146257	addons.webextension.screenshots@mozilla.org	WARN	Loading extension 'screenshots@mozilla.org': Reading manifest: Invalid extension permission: mozillaAddons
1568050146257	addons.webextension.screenshots@mozilla.org	WARN	Loading extension 'screenshots@mozilla.org': Reading manifest: Invalid extension permission: telemetry
1568050146257	addons.webextension.screenshots@mozilla.org	WARN	Loading extension 'screenshots@mozilla.org': Reading manifest: Invalid extension permission: resource://pdf.js/
1568050146257	addons.webextension.screenshots@mozilla.org	WARN	Loading extension 'screenshots@mozilla.org': Reading manifest: Invalid extension permission: about:reader*
WARN: compileToBinary(259): 
C:\fakepath(334,18-133): warning X3571: pow(f, e) will not work for negative f, use abs(f) or conditionally handle negative values if you expect them
C:\fakepath(340,62-116): warning X3571: pow(f, e) will not work for negative f, use abs(f) or conditionally handle negative values if you expect them
C:\fakepath(363,75-84): warning X3556: integer divides may be much slower, try using uints if possible.
C:\fakepath(366,50-59): warning X3556: integer modulus may be much slower, try using uints if possible.
C:\fakepath(382,33-90): warning X3571: pow(f, e) will not work for negative f, use abs(f) or conditionally handle negative values if you expect them
C:\fakepath(172,1-6): warning X4000: use of potentially uninitialized variable (dyn_index_vec4_float4)
C:\fakepath(287,25-29): error X4576: Input array signature parameter SV_Position cannot be indexed dynamically.

WARN: compileToBinary(259): 
C:\fakepath(334,18-133): warning X3571: pow(f, e) will not work for negative f, use abs(f) or conditionally handle negative values if you expect them
C:\fakepath(340,62-116): warning X3571: pow(f, e) will not work for negative f, use abs(f) or conditionally handle negative values if you expect them
C:\fakepath(363,75-84): warning X3556: integer divides may be much slower, try using uints if possible.
C:\fakepath(366,50-59): warning X3556: integer modulus may be much slower, try using uints if possible.
C:\fakepath(382,33-90): warning X3571: pow(f, e) will not work for negative f, use abs(f) or conditionally handle negative values if you expect them
C:\fakepath(172,1-6): warning X4000: use of potentially uninitialized variable (dyn_index_vec4_float4)
C:\fakepath(287,25-29): error X4576: Input array signature parameter SV_Position cannot be indexed dynamically.

WARN: compileToBinary(259): 
C:\fakepath(363,75-84): warning X3556: integer divides may be much slower, try using uints if possible.
C:\fakepath(366,50-59): warning X3556: integer modulus may be much slower, try using uints if possible.
C:\fakepath(172,1-6): warning X4000: use of potentially uninitialized variable (dyn_index_vec4_float4)
C:\fakepath(223,1): warning X4000: use of potentially uninitialized variable (f_distance_aa)
C:\fakepath(260,1): warning X4000: use of potentially uninitialized variable (f_do_clip)

[Child 1383892, Chrome_ChildThread] WARNING: pipe error: 109: file z:/task_1565704921/build/src/ipc/chromium/src/chrome/common/ipc_channel_win.cc, line 341
[Child 1383892, 1568050148910	Marionette	INFO	Listening on port 60294
1568050149089	Marionette	WARN	TLS certificate errors will be ignored for this session
[GFX1-]: Managed to allocate after flush.
[GFX1-]: Managed to allocate after flush.
1568051329900	mozrunner::runner	INFO	Running command: "C:\\Program Files (x86)\\Mozilla Firefox\\firefox.exe" "-marionette" "-foreground" "-no-remote" "-profile" "C:\\Users\\328F~1\\AppData\\Local\\Temp\\rust_mozprofile.B9qF15xM1dKH"
1568051330383	addons.webextension.screenshots@mozilla.org	WARN	Loading extension 'screenshots@mozilla.org': Reading manifest: Invalid extension permission: mozillaAddons
1568051330383	addons.webextension.screenshots@mozilla.org	WARN	Loading extension 'screenshots@mozilla.org': Reading manifest: Invalid extension permission: telemetry
1568051330383	addons.webextension.screenshots@mozilla.org	WARN	Loading extension 'screenshots@mozilla.org': Reading manifest: Invalid extension permission: resource://pdf.js/
1568051330383	addons.webextension.screenshots@mozilla.org	WARN	Loading extension 'screenshots@mozilla.org': Reading manifest: Invalid extension permission: about:reader*
WARN: compileToBinary(259): 
C:\fakepath(334,18-133): warning X3571: pow(f, e) will not work for negative f, use abs(f) or conditionally handle negative values if you expect them
C:\fakepath(340,62-116): warning X3571: pow(f, e) will not work for negative f, use abs(f) or conditionally handle negative values if you expect them
C:\fakepath(363,75-84): warning X3556: integer divides may be much slower, try using uints if possible.
C:\fakepath(366,50-59): warning X3556: integer modulus may be much slower, try using uints if possible.
C:\fakepath(382,33-90): warning X3571: pow(f, e) will not work for negative f, use abs(f) or conditionally handle negative values if you expect them
C:\fakepath(172,1-6): warning X4000: use of potentially uninitialized variable (dyn_index_vec4_float4)
C:\fakepath(287,25-29): error X4576: Input array signature parameter SV_Position cannot be indexed dynamically.

WARN: compileToBinary(259): 
C:\fakepath(334,18-133): warning X3571: pow(f, e) will not work for negative f, use abs(f) or conditionally handle negative values if you expect them
C:\fakepath(340,62-116): warning X3571: pow(f, e) will not work for negative f, use abs(f) or conditionally handle negative values if you expect them
C:\fakepath(363,75-84): warning X3556: integer divides may be much slower, try using uints if possible.
C:\fakepath(366,50-59): warning X3556: integer modulus may be much slower, try using uints if possible.
C:\fakepath(382,33-90): warning X3571: pow(f, e) will not work for negative f, use abs(f) or conditionally handle negative values if you expect them
C:\fakepath(172,1-6): warning X4000: use of potentially uninitialized variable (dyn_index_vec4_float4)
C:\fakepath(287,25-29): error X4576: Input array signature parameter SV_Position cannot be indexed dynamically.

WARN: compileToBinary(259): 
C:\fakepath(363,75-84): warning X3556: integer divides may be much slower, try using uints if possible.
C:\fakepath(366,50-59): warning X3556: integer modulus may be much slower, try using uints if possible.
C:\fakepath(172,1-6): warning X4000: use of potentially uninitialized variable (dyn_index_vec4_float4)
C:\fakepath(223,1): warning X4000: use of potentially uninitialized variable (f_distance_aa)
C:\fakepath(260,1): warning X4000: use of potentially uninitialized variable (f_do_clip)

1568051333114	Marionette	INFO	Listening on port 62245
1568051333118	Marionette	WARN	TLS certificate errors will be ignored for this session
[Parent 1400048, Gecko_IOThread] WARNING: pipe error: 109: file z:/task_1565704921/build/src/ipc/chromium/src/chrome/common/ipc_channel_win.cc, line 341
[Child 1400808, Chrome_ChildThread] WARNING: pipe error: 109: file z:/task_1565704921/build/src/ipc/chromium/src/chrome/common/ipc_channel_win.cc, line 341
[Child 1400808, Chrome_ChildThread] WARNING: pipe error: 109: file z:/task_1565704921/build/src/ipc/chromium/src/chrome/common/ipc_channel_win.cc, line 341
[Child 1400636, Chrome_ChildThread] WARNING: pipe error: 109: file z:/task_1565704921/build/src/ipc/chromium/src/chrome/common/ipc_channel_win.cc, line 341
[Child 1400631568051426883	Marionette	INFO	Stopped listening on port 62245
[GPU 1400420, Chrome_ChildThread] WARNING: pipe error: 109: f
###!!! [Child][MessageChannel::SendAndWait] Error: Channel error: cannot send/recv

org': Reading manifest: Invalid extension permission: about:reader*
WARN: compileToBinary(259): 
C:\fakepath(334,18-133): warning X3571: pow(f, e) will not work for negative f, use abs(f) or conditionally handle negative values if you expect them
C:\fakepath(340,62-116): warning X3571: pow(f, e) will not work for negative f, use abs(f) or conditionally handle negative values if you expect them
C:\fakepath(363,75-84): warning X3556: integer divides may be much slower, try using uints if possible.
C:\fakepath(366,50-59): warning X3556: integer modulus may be much slower, try using uints if possible.
C:\fakepath(382,33-90): warning X3571: pow(f, e) will not work for negative f, use abs(f) or conditionally handle negative values if you expect them
C:\fakepath(172,1-6): warning X4000: use of potentially uninitialized variable (dyn_index_vec4_float4)
C:\fakepath(287,25-29): error X4576: Input array signature parameter SV_Position cannot be indexed dynamically.

WARN: compileToBinary(259): 
C:\fakepath(334,18-133): warning X3571: pow(f, e) will not work for negative f, use abs(f) or conditionally handle negative values if you expect them
C:\fakepath(340,62-116): warning X3571: pow(f, e) will not work for negative f, use abs(f) or conditionally handle negative values if you expect them
C:\fakepath(363,75-84): warning X3556: integer divides may be much slower, try using uints if possible.
C:\fakepath(366,50-59): warning X3556: integer modulus may be much slower, try using uints if possible.
C:\fakepath(382,33-90): warning X3571: pow(f, e) will not work for negative f, use abs(f) or conditionally handle negative values if you expect them
C:\fakepath(172,1-6): warning X4000: use of potentially uninitialized variable (dyn_index_vec4_float4)
C:\fakepath(287,25-29): error X4576: Input array signature parameter SV_Position cannot be indexed dynamically.

WARN: compileToBinary(259): 
C:\fakepath(363,75-84): warning X3556: integer divides may be much slower, try using uints if possible.
C:\fakepath(366,50-59): warning X3556: integer modulus may be much slower, try using uints if possible.
C:\fakepath(172,1-6): warning X4000: use of potentially uninitialized variable (dyn_index_vec4_float4)
C:\fakepath(223,1): warning X4000: use of potentially uninitialized variable (f_distance_aa)
C:\fakepath(260,1): warning X4000: use of potentially uninitialized variable (f_do_clip)

1568051339445	Marionette	INFO	Listening on port 62291
1568051339519	Marionette	WARN	TLS certificate errors will be ignored for this session
[Child 1401932, Chrome_ChildThread] WARNING: pipe error: 109: file z:/task_1565704921/build/src/ipc/chromium/src/chrome/common/ipc_channel_win.cc, line 341

###!!! [Child][MessageChannel] Error: (msgtype=0x530005,name=PHttpChannel::Msg_Cancel) Closed channel: cannot send/recv

[Child 1401932, Chrome_ChildThread] WARNING: pip
###!!! [Child][MessageChannel] Error: (msgtype=0x530005,name=PHttpChannel::Msg_Cancel) Closed channel: cannot send/recv

e error: 109: fil
###!!! [Child][MessageChannel] Error: (msgtype=0x530005,name=PHttpChannel::Msg_Cancel) Closed channel: cannot send/recv

e z:/task_1565704921/build/src/ipc/chromium/src/chrome/common/ipc[Parent 1401500, Gecko_IOThread] WARNING: pipe error: 109: file z:/task_1565704921/build/src/ipc/chromium/src/chrome/common/ipc_channel_win.cc, line 341
[Child 1401844, Chrome_ChildThread] WARNING: pipe error: 109: file z:/task_1565704921/build/src/ipc/chromium/src/chrome/common/ipc_channel_win.cc, line 341
[Child 1401841568051428678	Marionette	INFO	Stopped listening on port 62291
[GPU 1
###!!! [Child][RunMessage] Error: Channel closing: too late to send/recv, messages will be lost

401656, Chrome_ChildThread] W
###!!! [Child][MessageChannel::SendAndWait] Error: Channel error: cannot send/recv

1568051497876	mozrunner::runner	INFO	Running command: "C:\\Program Files (x86)\\Mozilla Firefox\\firefox.exe" "-marionette" "-foreground" "-no-remote" "-profile" "C:\\Users\\328F~1\\AppData\\Local\\Temp\\rust_mozprofile.6h3Euonc6A9Y"
1568051498241	addons.webextension.screenshots@mozilla.org	WARN	Loading extension 'screenshots@mozilla.org': Reading manifest: Invalid extension permission: mozillaAddons
1568051498241	addons.webextension.screenshots@mozilla.org	WARN	Loading extension 'screenshots@mozilla.org': Reading manifest: Invalid extension permission: telemetry
1568051498241	addons.webextension.screenshots@mozilla.org	WARN	Loading extension 'screenshots@mozilla.org': Reading manifest: Invalid extension permission: resource://pdf.js/
1568051498241	addons.webextension.screenshots@mozilla.org	WARN	Loading extension 'screenshots@mozilla.org': Reading manifest: Invalid extension permission: about:reader*
WARN: compileToBinary(259): 
C:\fakepath(334,18-133): warning X3571: pow(f, e) will not work for negative f, use abs(f) or conditionally handle negative values if you expect them
C:\fakepath(340,62-116): warning X3571: pow(f, e) will not work for negative f, use abs(f) or conditionally handle negative values if you expect them
C:\fakepath(363,75-84): warning X3556: integer divides may be much slower, try using uints if possible.
C:\fakepath(366,50-59): warning X3556: integer modulus may be much slower, try using uints if possible.
C:\fakepath(382,33-90): warning X3571: pow(f, e) will not work for negative f, use abs(f) or conditionally handle negative values if you expect them
C:\fakepath(172,1-6): warning X4000: use of potentially uninitialized variable (dyn_index_vec4_float4)
C:\fakepath(287,25-29): error X4576: Input array signature parameter SV_Position cannot be indexed dynamically.

WARN: compileToBinary(259): 
C:\fakepath(334,18-133): warning X3571: pow(f, e) will not work for negative f, use abs(f) or conditionally handle negative values if you expect them
C:\fakepath(340,62-116): warning X3571: pow(f, e) will not work for negative f, use abs(f) or conditionally handle negative values if you expect them
C:\fakepath(363,75-84): warning X3556: integer divides may be much slower, try using uints if possible.
C:\fakepath(366,50-59): warning X3556: integer modulus may be much slower, try using uints if possible.
C:\fakepath(382,33-90): warning X3571: pow(f, e) will not work for negative f, use abs(f) or conditionally handle negative values if you expect them
C:\fakepath(172,1-6): warning X4000: use of potentially uninitialized variable (dyn_index_vec4_float4)
C:\fakepath(287,25-29): error X4576: Input array signature parameter SV_Position cannot be indexed dynamically.

WARN: compileToBinary(259): 
C:\fakepath(363,75-84): warning X3556: integer divides may be much slower, try using uints if possible.
C:\fakepath(366,50-59): warning X3556: integer modulus may be much slower, try using uints if possible.
C:\fakepath(172,1-6): warning X4000: use of potentially uninitialized variable (dyn_index_vec4_float4)
C:\fakepath(223,1): warning X4000: use of potentially uninitialized variable (f_distance_aa)
C:\fakepath(260,1): warning X4000: use of potentially uninitialized variable (f_do_clip)

1568051501054	Marionette	INFO	Listening on port 62668
1568051501090	Marionette	WARN	TLS certificate errors will be ignored for this session
1568051504281	mozrunner::runner	INFO	Running command: "C:\\Program Files (x86)\\Mozilla Firefox\\firefox.exe" "-marionette" "-foreground" "-no-remote" "-profile" "C:\\Users\\328F~1\\AppData\\Local\\Temp\\rust_mozprofile.4w9NdM6EYWEp"
1568051504668	addons.webextension.screenshots@mozilla.org	WARN	Loading extension 'screenshots@mozilla.org': Reading manifest: Invalid extension permission: mozillaAddons
1568051504669	addons.webextension.screenshots@mozilla.org	WARN	Loading extension 'screenshots@mozilla.org': Reading manifest: Invalid extension permission: telemetry
1568051504669	addons.webextension.screenshots@mozilla.org	WARN	Loading extension 'screenshots@mozilla.org': Reading manifest: Invalid extension permission: resource://pdf.js/
1568051504669	addons.webextension.screenshots@mozilla.org	WARN	Loading extension 'screenshots@mozilla.org': Reading manifest: Invalid extension permission: about:reader*
WARN: compileToBinary(259): 
C:\fakepath(334,18-133): warning X3571: pow(f, e) will not work for negative f, use abs(f) or conditionally handle negative values if you expect them
C:\fakepath(340,62-116): warning X3571: pow(f, e) will not work for negative f, use abs(f) or conditionally handle negative values if you expect them
C:\fakepath(363,75-84): warning X3556: integer divides may be much slower, try using uints if possible.
C:\fakepath(366,50-59): warning X3556: integer modulus may be much slower, try using uints if possible.
C:\fakepath(382,33-90): warning X3571: pow(f, e) will not work for negative f, use abs(f) or conditionally handle negative values if you expect them
C:\fakepath(172,1-6): warning X4000: use of potentially uninitialized variable (dyn_index_vec4_float4)
C:\fakepath(287,25-29): error X4576: Input array signature parameter SV_Position cannot be indexed dynamically.

WARN: compileToBinary(259): 
C:\fakepath(334,18-133): warning X3571: pow(f, e) will not work for negative f, use abs(f) or conditionally handle negative values if you expect them
C:\fakepath(340,62-116): warning X3571: pow(f, e) will not work for negative f, use abs(f) or conditionally handle negative values if you expect them
C:\fakepath(363,75-84): warning X3556: integer divides may be much slower, try using uints if possible.
C:\fakepath(366,50-59): warning X3556: integer modulus may be much slower, try using uints if possible.
C:\fakepath(382,33-90): warning X3571: pow(f, e) will not work for negative f, use abs(f) or conditionally handle negative values if you expect them
C:\fakepath(172,1-6): warning X4000: use of potentially uninitialized variable (dyn_index_vec4_float4)
C:\fakepath(287,25-29): error X4576: Input array signature parameter SV_Position cannot be indexed dynamically.

WARN: compileToBinary(259): 
C:\fakepath(363,75-84): warning X3556: integer divides may be much slower, try using uints if possible.
C:\fakepath(366,50-59): warning X3556: integer modulus may be much slower, try using uints if possible.
C:\fakepath(172,1-6): warning X4000: use of potentially uninitialized variable (dyn_index_vec4_float4)
C:\fakepath(223,1): warning X4000: use of potentially uninitialized variable (f_distance_aa)
C:\fakepath(260,1): warning X4000: use of potentially uninitialized variable (f_do_clip)

1568051507424	Marionette	INFO	Listening on port 62714
1568051507496	Marionette	WARN	TLS certificate errors will be ignored for this session
1568052925343	mozrunner::runner	INFO	Running command: "C:\\Program Files (x86)\\Mozilla Firefox\\firefox.exe" "-marionette" "-foreground" "-no-remote" "-profile" "C:\\Users\\328F~1\\AppData\\Local\\Temp\\rust_mozprofile.j8vURVuIATo5"
1568052925757	addons.webextension.screenshots@mozilla.org	WARN	Loading extension 'screenshots@mozilla.org': Reading manifest: Invalid extension permission: mozillaAddons
1568052925758	addons.webextension.screenshots@mozilla.org	WARN	Loading extension 'screenshots@mozilla.org': Reading manifest: Invalid extension permission: telemetry
1568052925758	addons.webextension.screenshots@mozilla.org	WARN	Loading extension 'screenshots@mozilla.org': Reading manifest: Invalid extension permission: resource://pdf.js/
1568052925758	addons.webextension.screenshots@mozilla.org	WARN	Loading extension 'screenshots@mozilla.org': Reading manifest: Invalid extension permission: about:reader*
WARN: compileToBinary(259): 
C:\fakepath(334,18-133): warning X3571: pow(f, e) will not work for negative f, use abs(f) or conditionally handle negative values if you expect them
C:\fakepath(340,62-116): warning X3571: pow(f, e) will not work for negative f, use abs(f) or conditionally handle negative values if you expect them
C:\fakepath(363,75-84): warning X3556: integer divides may be much slower, try using uints if possible.
C:\fakepath(366,50-59): warning X3556: integer modulus may be much slower, try using uints if possible.
C:\fakepath(382,33-90): warning X3571: pow(f, e) will not work for negative f, use abs(f) or conditionally handle negative values if you expect them
C:\fakepath(172,1-6): warning X4000: use of potentially uninitialized variable (dyn_index_vec4_float4)
C:\fakepath(287,25-29): error X4576: Input array signature parameter SV_Position cannot be indexed dynamically.

WARN: compileToBinary(259): 
C:\fakepath(334,18-133): warning X3571: pow(f, e) will not work for negative f, use abs(f) or conditionally handle negative values if you expect them
C:\fakepath(340,62-116): warning X3571: pow(f, e) will not work for negative f, use abs(f) or conditionally handle negative values if you expect them
C:\fakepath(363,75-84): warning X3556: integer divides may be much slower, try using uints if possible.
C:\fakepath(366,50-59): warning X3556: integer modulus may be much slower, try using uints if possible.
C:\fakepath(382,33-90): warning X3571: pow(f, e) will not work for negative f, use abs(f) or conditionally handle negative values if you expect them
C:\fakepath(172,1-6): warning X4000: use of potentially uninitialized variable (dyn_index_vec4_float4)
C:\fakepath(287,25-29): error X4576: Input array signature parameter SV_Position cannot be indexed dynamically.

WARN: compileToBinary(259): 
C:\fakepath(363,75-84): warning X3556: integer divides may be much slower, try using uints if possible.
C:\fakepath(366,50-59): warning X3556: integer modulus may be much slower, try using uints if possible.
C:\fakepath(172,1-6): warning X4000: use of potentially uninitialized variable (dyn_index_vec4_float4)
C:\fakepath(223,1): warning X4000: use of potentially uninitialized variable (f_distance_aa)
C:\fakepath(260,1): warning X4000: use of potentially uninitialized variable (f_do_clip)

[Child 1430360, Chrome_ChildThread] WARNING: pipe error: 109: file z:/task_1565704921/build/src/ipc/chromium/src/chrome/common/ipc_channel_win.cc, line 341
[Child 1430360, Chrome_ChildThread] WARNING: pipe error: 109: file z:/task_1565704921/build/src/ipc/chromium/src/chrome/common/ipc_channel_win.cc, line 341
1568052928521	Marionette	INFO	Listening on port 65210
1568052928572	Marionette	WARN	TLS certificate errors will be ignored for this session
[Child 1430396, Chrome_ChildThread] WARNING: pipe error: 109: file z:/task_1565704921/build/src/ipc/chromium/src/chrome/common/ipc_channel_win.cc, line 341
[Child 1430396, Chrome_ChildThread] WARNING: pipe error: 109: file z:/task_1565704921/build/src/ipc/chromium/src/chrome/common/ipc_channel_win.cc, line 341
1568052974443	Marionette	INFO	Stopped listening on port 65210
[GPU 1430212, Chrome_ChildThre
###!!! [Child][RunMessage] Error: Channel closing: too late to send/recv, messages will be lost


###!!! [Child][MessageChannel::SendAndWait] Error: Channel error: cannot send/recv

extension.screenshots@mozilla.org	WARN	Loading extension 'screenshots@mozilla.org': Reading manifest: Invalid extension permission: resource://pdf.js/
1568052932104	addons.webextension.screenshots@mozilla.org	WARN	Loading extension 'screenshots@mozilla.org': Reading manifest: Invalid extension permission: about:reader*
WARN: compileToBinary(259): 
C:\fakepath(334,18-133): warning X3571: pow(f, e) will not work for negative f, use abs(f) or conditionally handle negative values if you expect them
C:\fakepath(340,62-116): warning X3571: pow(f, e) will not work for negative f, use abs(f) or conditionally handle negative values if you expect them
C:\fakepath(363,75-84): warning X3556: integer divides may be much slower, try using uints if possible.
C:\fakepath(366,50-59): warning X3556: integer modulus may be much slower, try using uints if possible.
C:\fakepath(382,33-90): warning X3571: pow(f, e) will not work for negative f, use abs(f) or conditionally handle negative values if you expect them
C:\fakepath(172,1-6): warning X4000: use of potentially uninitialized variable (dyn_index_vec4_float4)
C:\fakepath(287,25-29): error X4576: Input array signature parameter SV_Position cannot be indexed dynamically.

WARN: compileToBinary(259): 
C:\fakepath(334,18-133): warning X3571: pow(f, e) will not work for negative f, use abs(f) or conditionally handle negative values if you expect them
C:\fakepath(340,62-116): warning X3571: pow(f, e) will not work for negative f, use abs(f) or conditionally handle negative values if you expect them
C:\fakepath(363,75-84): warning X3556: integer divides may be much slower, try using uints if possible.
C:\fakepath(366,50-59): warning X3556: integer modulus may be much slower, try using uints if possible.
C:\fakepath(382,33-90): warning X3571: pow(f, e) will not work for negative f, use abs(f) or conditionally handle negative values if you expect them
C:\fakepath(172,1-6): warning X4000: use of potentially uninitialized variable (dyn_index_vec4_float4)
C:\fakepath(287,25-29): error X4576: Input array signature parameter SV_Position cannot be indexed dynamically.

WARN: compileToBinary(259): 
C:\fakepath(363,75-84): warning X3556: integer divides may be much slower, try using uints if possible.
C:\fakepath(366,50-59): warning X3556: integer modulus may be much slower, try using uints if possible.
C:\fakepath(172,1-6): warning X4000: use of potentially uninitialized variable (dyn_index_vec4_float4)
C:\fakepath(223,1): warning X4000: use of potentially uninitialized variable (f_distance_aa)
C:\fakepath(260,1): warning X4000: use of potentially uninitialized variable (f_do_clip)

[Child 1431612, Chrome_ChildThread] WARNING: pipe error: 109: file z:/task_1565704921/build/src/ipc/chromium/src/chrome/common/ipc_channel_win.cc, line 341
[Child 1431612, Chrome_ChildThread] WARNING: pipe error: 109:1568052934990	Marionette	INFO	Listening on port 65245
1568052935025	Marionette	WARN	TLS certificate errors will be ignored for this session
[GFX1-]: Managed to allocate after flush.
[GFX1-]: Managed to allocate after flush.
[GFX1-]: Managed to allocate after flush.
[Child 1431792, Chrome_ChildThread] WARNING: pipe error: 109: file z:/task_1565704921/build/src/ipc/chromium/src/chrome/common/ipc_channel_win.cc, line 341
[Child 1431792, Chrome_ChildThread] WARNING: pipe error: 109: file z:/task_1565704921/build/src/ipc/chromium/src/chrome/common/ipc_channel_win.cc, line 341

###!!! [Child][MessageChannel] Error: (msgtype=0x530005,name=PHttpChannel::Msg_Cancel) Closed channel: cannot send/recv


###!!! [Child][MessageChannel] Error: (msgtype=0x530005,name=PHttpChannel::Msg_Cancel) Closed channel: cannot send/recv


###!!! [Child][MessageChannel] Error: (msgtype=0x530005,name=PHttpChannel::Msg_Cancel) Closed channel: cannot send/recv


###!!! [Child][MessageChannel] Error: (msgtype=0x530005,name=PHttpChannel::Msg_Cancel) Closed channel: cannot send/recv

1568052976377	Marionette	INFO	Stopped listening on port 65245
[GPU 
###!!! [Child][RunMessage] Error: Channel closing: too late to send/recv, messages will be lost

1431464, Chrome_ChildTh
###!!! [Child][MessageChannel::SendAndWait] Error: Channel error: cannot send/recv

1568052985776	mozrunner::runner	INFO	Running command: "C:\\Program Files (x86)\\Mozilla Firefox\\firefox.exe" "-marionette" "-foreground" "-no-remote" "-profile" "C:\\Users\\328F~1\\AppData\\Local\\Temp\\rust_mozprofile.X5qdIa7Sl0oD"
1568052986144	addons.webextension.screenshots@mozilla.org	WARN	Loading extension 'screenshots@mozilla.org': Reading manifest: Invalid extension permission: mozillaAddons
1568052986144	addons.webextension.screenshots@mozilla.org	WARN	Loading extension 'screenshots@mozilla.org': Reading manifest: Invalid extension permission: telemetry
1568052986144	addons.webextension.screenshots@mozilla.org	WARN	Loading extension 'screenshots@mozilla.org': Reading manifest: Invalid extension permission: resource://pdf.js/
1568052986144	addons.webextension.screenshots@mozilla.org	WARN	Loading extension 'screenshots@mozilla.org': Reading manifest: Invalid extension permission: about:reader*
WARN: compileToBinary(259): 
C:\fakepath(334,18-133): warning X3571: pow(f, e) will not work for negative f, use abs(f) or conditionally handle negative values if you expect them
C:\fakepath(340,62-116): warning X3571: pow(f, e) will not work for negative f, use abs(f) or conditionally handle negative values if you expect them
C:\fakepath(363,75-84): warning X3556: integer divides may be much slower, try using uints if possible.
C:\fakepath(366,50-59): warning X3556: integer modulus may be much slower, try using uints if possible.
C:\fakepath(382,33-90): warning X3571: pow(f, e) will not work for negative f, use abs(f) or conditionally handle negative values if you expect them
C:\fakepath(172,1-6): warning X4000: use of potentially uninitialized variable (dyn_index_vec4_float4)
C:\fakepath(287,25-29): error X4576: Input array signature parameter SV_Position cannot be indexed dynamically.

WARN: compileToBinary(259): 
C:\fakepath(334,18-133): warning X3571: pow(f, e) will not work for negative f, use abs(f) or conditionally handle negative values if you expect them
C:\fakepath(340,62-116): warning X3571: pow(f, e) will not work for negative f, use abs(f) or conditionally handle negative values if you expect them
C:\fakepath(363,75-84): warning X3556: integer divides may be much slower, try using uints if possible.
C:\fakepath(366,50-59): warning X3556: integer modulus may be much slower, try using uints if possible.
C:\fakepath(382,33-90): warning X3571: pow(f, e) will not work for negative f, use abs(f) or conditionally handle negative values if you expect them
C:\fakepath(172,1-6): warning X4000: use of potentially uninitialized variable (dyn_index_vec4_float4)
C:\fakepath(287,25-29): error X4576: Input array signature parameter SV_Position cannot be indexed dynamically.

WARN: compileToBinary(259): 
C:\fakepath(363,75-84): warning X3556: integer divides may be much slower, try using uints if possible.
C:\fakepath(366,50-59): warning X3556: integer modulus may be much slower, try using uints if possible.
C:\fakepath(172,1-6): warning X4000: use of potentially uninitialized variable (dyn_index_vec4_float4)
C:\fakepath(223,1): warning X4000: use of potentially uninitialized variable (f_distance_aa)
C:\fakepath(260,1): warning X4000: use of potentially uninitialized variable (f_do_clip)

[Child 1434136, Chrome_ChildThread] WARNING: pipe error: 109: file z:/task_1565704921/build/src/ipc/chromium/src/chrome/common/ipc_channel_win.cc, line 341
[Child 1434136, Ch1568052988677	Marionette	INFO	Listening on port 65375
1568052989000	Marionette	WARN	TLS certificate errors will be ignored for this session
1568052992200	mozrunner::runner	INFO	Running command: "C:\\Program Files (x86)\\Mozilla Firefox\\firefox.exe" "-marionette" "-foreground" "-no-remote" "-profile" "C:\\Users\\328F~1\\AppData\\Local\\Temp\\rust_mozprofile.DqlhZjZsCmWq"
1568052992584	addons.webextension.screenshots@mozilla.org	WARN	Loading extension 'screenshots@mozilla.org': Reading manifest: Invalid extension permission: mozillaAddons
1568052992584	addons.webextension.screenshots@mozilla.org	WARN	Loading extension 'screenshots@mozilla.org': Reading manifest: Invalid extension permission: telemetry
1568052992585	addons.webextension.screenshots@mozilla.org	WARN	Loading extension 'screenshots@mozilla.org': Reading manifest: Invalid extension permission: resource://pdf.js/
1568052992585	addons.webextension.screenshots@mozilla.org	WARN	Loading extension 'screenshots@mozilla.org': Reading manifest: Invalid extension permission: about:reader*
WARN: compileToBinary(259): 
C:\fakepath(334,18-133): warning X3571: pow(f, e) will not work for negative f, use abs(f) or conditionally handle negative values if you expect them
C:\fakepath(340,62-116): warning X3571: pow(f, e) will not work for negative f, use abs(f) or conditionally handle negative values if you expect them
C:\fakepath(363,75-84): warning X3556: integer divides may be much slower, try using uints if possible.
C:\fakepath(366,50-59): warning X3556: integer modulus may be much slower, try using uints if possible.
C:\fakepath(382,33-90): warning X3571: pow(f, e) will not work for negative f, use abs(f) or conditionally handle negative values if you expect them
C:\fakepath(172,1-6): warning X4000: use of potentially uninitialized variable (dyn_index_vec4_float4)
C:\fakepath(287,25-29): error X4576: Input array signature parameter SV_Position cannot be indexed dynamically.

WARN: compileToBinary(259): 
C:\fakepath(334,18-133): warning X3571: pow(f, e) will not work for negative f, use abs(f) or conditionally handle negative values if you expect them
C:\fakepath(340,62-116): warning X3571: pow(f, e) will not work for negative f, use abs(f) or conditionally handle negative values if you expect them
C:\fakepath(363,75-84): warning X3556: integer divides may be much slower, try using uints if possible.
C:\fakepath(366,50-59): warning X3556: integer modulus may be much slower, try using uints if possible.
C:\fakepath(382,33-90): warning X3571: pow(f, e) will not work for negative f, use abs(f) or conditionally handle negative values if you expect them
C:\fakepath(172,1-6): warning X4000: use of potentially uninitialized variable (dyn_index_vec4_float4)
C:\fakepath(287,25-29): error X4576: Input array signature parameter SV_Position cannot be indexed dynamically.

WARN: compileToBinary(259): 
C:\fakepath(363,75-84): warning X3556: integer divides may be much slower, try using uints if possible.
C:\fakepath(366,50-59): warning X3556: integer modulus may be much slower, try using uints if possible.
C:\fakepath(172,1-6): warning X4000: use of potentially uninitialized variable (dyn_index_vec4_float4)
C:\fakepath(223,1): warning X4000: use of potentially uninitialized variable (f_distance_aa)
C:\fakepath(260,1): warning X4000: use of potentially uninitialized variable (f_do_clip)

[Child 1435296, Chrome_ChildThread] WARNING: pipe error: 109: file z:/task_1565704921/build/src/ipc/chromium/src/chrome/common/ipc_channel_win.cc, line 341
[Child 1435296, Chrome_ChildThread] WARNING: pipe error: 109: file z:/task_1565704921/build/src/ipc/chromium/src/chrome/common/ipc_channel_win.cc, line 341
1568052995167	Marionette	INFO	Listening on port 65411
1568052995418	Marionette	WARN	TLS certificate errors will be ignored for this session
1568053016592	mozrunner::runner	INFO	Running command: "C:\\Program Files (x86)\\Mozilla Firefox\\firefox.exe" "-marionette" "-foreground" "-no-remote" "-profile" "C:\\Users\\328F~1\\AppData\\Local\\Temp\\rust_mozprofile.KlakoMuPFiCE"
1568053017048	addons.webextension.screenshots@mozilla.org	WARN	Loading extension 'screenshots@mozilla.org': Reading manifest: Invalid extension permission: mozillaAddons
1568053017049	addons.webextension.screenshots@mozilla.org	WARN	Loading extension 'screenshots@mozilla.org': Reading manifest: Invalid extension permission: telemetry
1568053017049	addons.webextension.screenshots@mozilla.org	WARN	Loading extension 'screenshots@mozilla.org': Reading manifest: Invalid extension permission: resource://pdf.js/
1568053017049	addons.webextension.screenshots@mozilla.org	WARN	Loading extension 'screenshots@mozilla.org': Reading manifest: Invalid extension permission: about:reader*
WARN: compileToBinary(259): 
C:\fakepath(334,18-133): warning X3571: pow(f, e) will not work for negative f, use abs(f) or conditionally handle negative values if you expect them
C:\fakepath(340,62-116): warning X3571: pow(f, e) will not work for negative f, use abs(f) or conditionally handle negative values if you expect them
C:\fakepath(363,75-84): warning X3556: integer divides may be much slower, try using uints if possible.
C:\fakepath(366,50-59): warning X3556: integer modulus may be much slower, try using uints if possible.
C:\fakepath(382,33-90): warning X3571: pow(f, e) will not work for negative f, use abs(f) or conditionally handle negative values if you expect them
C:\fakepath(172,1-6): warning X4000: use of potentially uninitialized variable (dyn_index_vec4_float4)
C:\fakepath(287,25-29): error X4576: Input array signature parameter SV_Position cannot be indexed dynamically.

WARN: compileToBinary(259): 
C:\fakepath(334,18-133): warning X3571: pow(f, e) will not work for negative f, use abs(f) or conditionally handle negative values if you expect them
C:\fakepath(340,62-116): warning X3571: pow(f, e) will not work for negative f, use abs(f) or conditionally handle negative values if you expect them
C:\fakepath(363,75-84): warning X3556: integer divides may be much slower, try using uints if possible.
C:\fakepath(366,50-59): warning X3556: integer modulus may be much slower, try using uints if possible.
C:\fakepath(382,33-90): warning X3571: pow(f, e) will not work for negative f, use abs(f) or conditionally handle negative values if you expect them
C:\fakepath(172,1-6): warning X4000: use of potentially uninitialized variable (dyn_index_vec4_float4)
C:\fakepath(287,25-29): error X4576: Input array signature parameter SV_Position cannot be indexed dynamically.

WARN: compileToBinary(259): 
C:\fakepath(363,75-84): warning X3556: integer divides may be much slower, try using uints if possible.
C:\fakepath(366,50-59): warning X3556: integer modulus may be much slower, try using uints if possible.
C:\fakepath(172,1-6): warning X4000: use of potentially uninitialized variable (dyn_index_vec4_float4)
C:\fakepath(223,1): warning X4000: use of potentially uninitialized variable (f_distance_aa)
C:\fakepath(260,1): warning X4000: use of potentially uninitialized variable (f_do_clip)

[Child 1437604, Chrome_ChildThread] WARNING: pipe error: 109: file z:/task_1565704921/build/src/ipc/chromium/src/chrome/common/ipc_channel_win.cc, line 341
[Child 1437604, Chrome_ChildThread] WARNING: pipe error: 109: file z:/task_1565704921/build/src/ipc/chromium/src/chrome/common/ipc_channel_win.cc, line 341
1568053019826	Marionette	INFO	Listening on port 65491
1568053019907	Marionette	WARN	TLS certificate errors will be ignored for this session
[Child 1437752, Chrome_ChildThread] WARNING: pipe error: 109: file z:/task_1565704921/build/src/ipc/chromium/src/chrome/common/ipc_channel_win.cc, line 341
[Child 1437752, Chrome_ChildThread1568053083622	Marionette	INFO	Stopped listening on port 65491

###!!! [Child][RunMessage] Error: Channel closing: too late to send/recv, messages will be lost

[GPU 1437376, Chrome_ChildThread] WARNING: pipe error: 109: file z:/task_1565704921/build/src/ipc/chromium/src/chrome/common/ipc_channel_win.cc, line 341

###!!! [Child][MessageChannel::SendAndWait] Error: Channel error: cannot send/recv

tension.screenshots@mozilla.org	WARN	Loading extension 'screenshots@mozilla.org': Reading manifest: Invalid extension permission: resource://pdf.js/
1568053023424	addons.webextension.screenshots@mozilla.org	WARN	Loading extension 'screenshots@mozilla.org': Reading manifest: Invalid extension permission: about:reader*
WARN: compileToBinary(259): 
C:\fakepath(334,18-133): warning X3571: pow(f, e) will not work for negative f, use abs(f) or conditionally handle negative values if you expect them
C:\fakepath(340,62-116): warning X3571: pow(f, e) will not work for negative f, use abs(f) or conditionally handle negative values if you expect them
C:\fakepath(363,75-84): warning X3556: integer divides may be much slower, try using uints if possible.
C:\fakepath(366,50-59): warning X3556: integer modulus may be much slower, try using uints if possible.
C:\fakepath(382,33-90): warning X3571: pow(f, e) will not work for negative f, use abs(f) or conditionally handle negative values if you expect them
C:\fakepath(172,1-6): warning X4000: use of potentially uninitialized variable (dyn_index_vec4_float4)
C:\fakepath(287,25-29): error X4576: Input array signature parameter SV_Position cannot be indexed dynamically.

WARN: compileToBinary(259): 
C:\fakepath(334,18-133): warning X3571: pow(f, e) will not work for negative f, use abs(f) or conditionally handle negative values if you expect them
C:\fakepath(340,62-116): warning X3571: pow(f, e) will not work for negative f, use abs(f) or conditionally handle negative values if you expect them
C:\fakepath(363,75-84): warning X3556: integer divides may be much slower, try using uints if possible.
C:\fakepath(366,50-59): warning X3556: integer modulus may be much slower, try using uints if possible.
C:\fakepath(382,33-90): warning X3571: pow(f, e) will not work for negative f, use abs(f) or conditionally handle negative values if you expect them
C:\fakepath(172,1-6): warning X4000: use of potentially uninitialized variable (dyn_index_vec4_float4)
C:\fakepath(287,25-29): error X4576: Input array signature parameter SV_Position cannot be indexed dynamically.

WARN: compileToBinary(259): 
C:\fakepath(363,75-84): warning X3556: integer divides may be much slower, try using uints if possible.
C:\fakepath(366,50-59): warning X3556: integer modulus may be much slower, try using uints if possible.
C:\fakepath(172,1-6): warning X4000: use of potentially uninitialized variable (dyn_index_vec4_float4)
C:\fakepath(223,1): warning X4000: use of potentially uninitialized variable (f_distance_aa)
C:\fakepath(260,1): warning X4000: use of potentially uninitialized variable (f_do_clip)

1568053026135	Marionette	INFO	Listening on port 65531
1568053026262	Marionette	WARN	TLS certificate errors will be ignored for this session
[GFX1-]: Managed to allocate after flush.
[GFX1-]: Managed to allocate after flush.
[Child 1438920, Chrome_ChildThread] WARNING: pipe error: 109: file z:/task_1565704921/build/src/ipc/chromium/src/chrome/common/ipc_channel_win.cc, line 341

###!!! [Child][MessageChannel] Error: (msgtype=0x530005,name=PHttpChannel::Msg_Cancel) Closed channel: cannot send/recv

[Child 1438920, Chrome_ChildThread] WARNING: pipe error: 109: file z:/task_1565704921/build/src/ipc/chromium/src/chrome/common/ipc_channel_win.cc, line 341

###!!! [Child][MessageChannel] Error: (msgtype=0x530005,name=PHttpChannel::Msg_Cancel) Closed channel: cannot send/recv

1568053085533	Marionette	INFO	Stopped listening on port 65531

###!!! [Child][RunMessage] Error: Channel closing: too late to send/recv, messages will be lost

[GPU 1438584, Chrome_
###!!! [Child][MessageChannel::SendAndWait] Error: Channel error: cannot send/recv

1568056242587	mozrunner::runner	INFO	Running command: "C:\\Program Files (x86)\\Mozilla Firefox\\firefox.exe" "-marionette" "-foreground" "-no-remote" "-profile" "C:\\Users\\328F~1\\AppData\\Local\\Temp\\rust_mozprofile.UvhFrLcGoHyD"
1568056243110	addons.webextension.screenshots@mozilla.org	WARN	Loading extension 'screenshots@mozilla.org': Reading manifest: Invalid extension permission: mozillaAddons
1568056243110	addons.webextension.screenshots@mozilla.org	WARN	Loading extension 'screenshots@mozilla.org': Reading manifest: Invalid extension permission: telemetry
1568056243110	addons.webextension.screenshots@mozilla.org	WARN	Loading extension 'screenshots@mozilla.org': Reading manifest: Invalid extension permission: resource://pdf.js/
1568056243110	addons.webextension.screenshots@mozilla.org	WARN	Loading extension 'screenshots@mozilla.org': Reading manifest: Invalid extension permission: about:reader*
WARN: compileToBinary(259): 
C:\fakepath(334,18-133): warning X3571: pow(f, e) will not work for negative f, use abs(f) or conditionally handle negative values if you expect them
C:\fakepath(340,62-116): warning X3571: pow(f, e) will not work for negative f, use abs(f) or conditionally handle negative values if you expect them
C:\fakepath(363,75-84): warning X3556: integer divides may be much slower, try using uints if possible.
C:\fakepath(366,50-59): warning X3556: integer modulus may be much slower, try using uints if possible.
C:\fakepath(382,33-90): warning X3571: pow(f, e) will not work for negative f, use abs(f) or conditionally handle negative values if you expect them
C:\fakepath(172,1-6): warning X4000: use of potentially uninitialized variable (dyn_index_vec4_float4)
C:\fakepath(287,25-29): error X4576: Input array signature parameter SV_Position cannot be indexed dynamically.

WARN: compileToBinary(259): 
C:\fakepath(334,18-133): warning X3571: pow(f, e) will not work for negative f, use abs(f) or conditionally handle negative values if you expect them
C:\fakepath(340,62-116): warning X3571: pow(f, e) will not work for negative f, use abs(f) or conditionally handle negative values if you expect them
C:\fakepath(363,75-84): warning X3556: integer divides may be much slower, try using uints if possible.
C:\fakepath(366,50-59): warning X3556: integer modulus may be much slower, try using uints if possible.
C:\fakepath(382,33-90): warning X3571: pow(f, e) will not work for negative f, use abs(f) or conditionally handle negative values if you expect them
C:\fakepath(172,1-6): warning X4000: use of potentially uninitialized variable (dyn_index_vec4_float4)
C:\fakepath(287,25-29): error X4576: Input array signature parameter SV_Position cannot be indexed dynamically.

WARN: compileToBinary(259): 
C:\fakepath(363,75-84): warning X3556: integer divides may be much slower, try using uints if possible.
C:\fakepath(366,50-59): warning X3556: integer modulus may be much slower, try using uints if possible.
C:\fakepath(172,1-6): warning X4000: use of potentially uninitialized variable (dyn_index_vec4_float4)
C:\fakepath(223,1): warning X4000: use of potentially uninitialized variable (f_distance_aa)
C:\fakepath(260,1): warning X4000: use of potentially uninitialized variable (f_do_clip)

[Child 419960, Chrome_ChildThread] WARNING: pipe error: 109: file z:/task_1565704921/build/src/ipc/chromium/src/chrome/common/ipc_channel_win.cc, line 341
[Child 419960, Chrome_ChildThread] WARNING: pipe 1568056246324	Marionette	INFO	Listening on port 53328
1568056246413	Marionette	WARN	TLS certificate errors will be ignored for this session
1568056249574	mozrunner::runner	INFO	Running command: "C:\\Program Files (x86)\\Mozilla Firefox\\firefox.exe" "-marionette" "-foreground" "-no-remote" "-profile" "C:\\Users\\328F~1\\AppData\\Local\\Temp\\rust_mozprofile.tCuV0OpGUz48"
1568056250016	addons.webextension.screenshots@mozilla.org	WARN	Loading extension 'screenshots@mozilla.org': Reading manifest: Invalid extension permission: mozillaAddons
1568056250016	addons.webextension.screenshots@mozilla.org	WARN	Loading extension 'screenshots@mozilla.org': Reading manifest: Invalid extension permission: telemetry
1568056250017	addons.webextension.screenshots@mozilla.org	WARN	Loading extension 'screenshots@mozilla.org': Reading manifest: Invalid extension permission: resource://pdf.js/
1568056250017	addons.webextension.screenshots@mozilla.org	WARN	Loading extension 'screenshots@mozilla.org': Reading manifest: Invalid extension permission: about:reader*
WARN: compileToBinary(259): 
C:\fakepath(334,18-133): warning X3571: pow(f, e) will not work for negative f, use abs(f) or conditionally handle negative values if you expect them
C:\fakepath(340,62-116): warning X3571: pow(f, e) will not work for negative f, use abs(f) or conditionally handle negative values if you expect them
C:\fakepath(363,75-84): warning X3556: integer divides may be much slower, try using uints if possible.
C:\fakepath(366,50-59): warning X3556: integer modulus may be much slower, try using uints if possible.
C:\fakepath(382,33-90): warning X3571: pow(f, e) will not work for negative f, use abs(f) or conditionally handle negative values if you expect them
C:\fakepath(172,1-6): warning X4000: use of potentially uninitialized variable (dyn_index_vec4_float4)
C:\fakepath(287,25-29): error X4576: Input array signature parameter SV_Position cannot be indexed dynamically.

WARN: compileToBinary(259): 
C:\fakepath(334,18-133): warning X3571: pow(f, e) will not work for negative f, use abs(f) or conditionally handle negative values if you expect them
C:\fakepath(340,62-116): warning X3571: pow(f, e) will not work for negative f, use abs(f) or conditionally handle negative values if you expect them
C:\fakepath(363,75-84): warning X3556: integer divides may be much slower, try using uints if possible.
C:\fakepath(366,50-59): warning X3556: integer modulus may be much slower, try using uints if possible.
C:\fakepath(382,33-90): warning X3571: pow(f, e) will not work for negative f, use abs(f) or conditionally handle negative values if you expect them
C:\fakepath(172,1-6): warning X4000: use of potentially uninitialized variable (dyn_index_vec4_float4)
C:\fakepath(287,25-29): error X4576: Input array signature parameter SV_Position cannot be indexed dynamically.

WARN: compileToBinary(259): 
C:\fakepath(363,75-84): warning X3556: integer divides may be much slower, try using uints if possible.
C:\fakepath(366,50-59): warning X3556: integer modulus may be much slower, try using uints if possible.
C:\fakepath(172,1-6): warning X4000: use of potentially uninitialized variable (dyn_index_vec4_float4)
C:\fakepath(223,1): warning X4000: use of potentially uninitialized variable (f_distance_aa)
C:\fakepath(260,1): warning X4000: use of potentially uninitialized variable (f_do_clip)

1568056253246	Marionette	INFO	Listening on port 53368
1568056253405	Marionette	WARN	TLS certificate errors will be ignored for this session
[GFX1-]: Managed to allocate after flush.
